Performing C SOURCE FILE Test CMAKE_HAVE_LIBC_PTHREAD failed with the following output:
Change Dir: D:/Kursach/DummyEngine/cmake-build-debug/CMakeFiles/CMakeScratch/TryCompile-hxaypn

Run Build Command(s):C:/Users/stark/AppData/Local/JetBrains/Toolbox/apps/CLion/ch-0/231.9011.31/bin/ninja/win/x64/ninja.exe cmTC_0df64 && [1/2] Building C object CMakeFiles/cmTC_0df64.dir/src.c.obj
[2/2] Linking C executable cmTC_0df64.exe
FAILED: cmTC_0df64.exe 
cmd.exe /C "cd . && C:\Users\stark\Downloads\mingw64\mingw64\bin\gcc.exe   CMakeFiles/cmTC_0df64.dir/src.c.obj -o cmTC_0df64.exe -Wl,--out-implib,libcmTC_0df64.dll.a -Wl,--major-image-version,0,--minor-image-version,0  -lkernel32 -luser32 -lgdi32 -lwinspool -lshell32 -lole32 -loleaut32 -luuid -lcomdlg32 -ladvapi32 && cd ."
C:/Users/stark/Downloads/mingw64/mingw64/bin/../lib/gcc/x86_64-w64-mingw32/13.1.0/../../../../x86_64-w64-mingw32/bin/ld.exe: CMakeFiles/cmTC_0df64.dir/src.c.obj:src.c:(.text+0x35): undefined reference to `pthread_create'
C:/Users/stark/Downloads/mingw64/mingw64/bin/../lib/gcc/x86_64-w64-mingw32/13.1.0/../../../../x86_64-w64-mingw32/bin/ld.exe: CMakeFiles/cmTC_0df64.dir/src.c.obj:src.c:(.text+0x41): undefined reference to `pthread_detach'
C:/Users/stark/Downloads/mingw64/mingw64/bin/../lib/gcc/x86_64-w64-mingw32/13.1.0/../../../../x86_64-w64-mingw32/bin/ld.exe: CMakeFiles/cmTC_0df64.dir/src.c.obj:src.c:(.text+0x4d): undefined reference to `pthread_cancel'
C:/Users/stark/Downloads/mingw64/mingw64/bin/../lib/gcc/x86_64-w64-mingw32/13.1.0/../../../../x86_64-w64-mingw32/bin/ld.exe: CMakeFiles/cmTC_0df64.dir/src.c.obj:src.c:(.text+0x5e): undefined reference to `pthread_join'
C:/Users/stark/Downloads/mingw64/mingw64/bin/../lib/gcc/x86_64-w64-mingw32/13.1.0/../../../../x86_64-w64-mingw32/bin/ld.exe: CMakeFiles/cmTC_0df64.dir/src.c.obj:src.c:(.text+0x68): undefined reference to `pthread_exit'
collect2.exe: error: ld returned 1 exit status
ninja: build stopped: subcommand failed.


Source file was:
#include <pthread.h>

static void* test_func(void* data)
{
  return data;
}

int main(void)
{
  pthread_t thread;
  pthread_create(&thread, NULL, test_func, NULL);
  pthread_detach(thread);
  pthread_cancel(thread);
  pthread_join(thread, NULL);
  pthread_atfork(NULL, NULL, NULL);
  pthread_exit(NULL);

  return 0;
}


Determining if the function pthread_create exists in the pthreads failed with the following output:
Change Dir: D:/Kursach/DummyEngine/cmake-build-debug/CMakeFiles/CMakeScratch/TryCompile-njori2

Run Build Command(s):C:/Users/stark/AppData/Local/JetBrains/Toolbox/apps/CLion/ch-0/231.9011.31/bin/ninja/win/x64/ninja.exe cmTC_26077 && [1/2] Building C object CMakeFiles/cmTC_26077.dir/CheckFunctionExists.c.obj
[2/2] Linking C executable cmTC_26077.exe
FAILED: cmTC_26077.exe 
cmd.exe /C "cd . && C:\Users\stark\Downloads\mingw64\mingw64\bin\gcc.exe -DCHECK_FUNCTION_EXISTS=pthread_create  CMakeFiles/cmTC_26077.dir/CheckFunctionExists.c.obj -o cmTC_26077.exe -Wl,--out-implib,libcmTC_26077.dll.a -Wl,--major-image-version,0,--minor-image-version,0  -lpthreads  -lkernel32 -luser32 -lgdi32 -lwinspool -lshell32 -lole32 -loleaut32 -luuid -lcomdlg32 -ladvapi32 && cd ."
C:/Users/stark/Downloads/mingw64/mingw64/bin/../lib/gcc/x86_64-w64-mingw32/13.1.0/../../../../x86_64-w64-mingw32/bin/ld.exe: cannot find -lpthreads: No such file or directory
collect2.exe: error: ld returned 1 exit status
ninja: build stopped: subcommand failed.



Determining if the include file arm_neon.h exists failed with the following output:
Change Dir: D:/Kursach/DummyEngine/cmake-build-debug/CMakeFiles/CMakeScratch/TryCompile-3a985t

Run Build Command(s):C:/Users/stark/AppData/Local/JetBrains/Toolbox/apps/CLion/ch-0/231.9011.31/bin/ninja/win/x64/ninja.exe cmTC_f4d8b && [1/2] Building C object CMakeFiles/cmTC_f4d8b.dir/CheckIncludeFile.c.obj
[31mFAILED: [0mCMakeFiles/cmTC_f4d8b.dir/CheckIncludeFile.c.obj 
C:\Users\stark\Downloads\mingw64\mingw64\bin\gcc.exe    -o CMakeFiles/cmTC_f4d8b.dir/CheckIncludeFile.c.obj -c D:/Kursach/DummyEngine/cmake-build-debug/CMakeFiles/CMakeScratch/TryCompile-3a985t/CheckIncludeFile.c
D:/Kursach/DummyEngine/cmake-build-debug/CMakeFiles/CMakeScratch/TryCompile-3a985t/CheckIncludeFile.c:1:10: fatal error: arm_neon.h: No such file or directory
    1 | #include <arm_neon.h>
      |          ^~~~~~~~~~~~
compilation terminated.
ninja: build stopped: subcommand failed.



Determining if the function clock_gettime exists in the rt failed with the following output:
Change Dir: D:/Kursach/DummyEngine/cmake-build-debug/CMakeFiles/CMakeScratch/TryCompile-6vonvh

Run Build Command(s):C:/Users/stark/AppData/Local/JetBrains/Toolbox/apps/CLion/ch-0/231.9011.31/bin/ninja/win/x64/ninja.exe cmTC_98892 && [1/2] Building C object CMakeFiles/cmTC_98892.dir/CheckFunctionExists.c.obj
[2/2] Linking C executable cmTC_98892.exe
[31mFAILED: [0mcmTC_98892.exe 
cmd.exe /C "cd . && C:\Users\stark\Downloads\mingw64\mingw64\bin\gcc.exe -DCHECK_FUNCTION_EXISTS=clock_gettime  CMakeFiles/cmTC_98892.dir/CheckFunctionExists.c.obj -o cmTC_98892.exe -Wl,--out-implib,libcmTC_98892.dll.a -Wl,--major-image-version,0,--minor-image-version,0  -lrt  -latomic  -lm  -lkernel32 -luser32 -lgdi32 -lwinspool -lshell32 -lole32 -loleaut32 -luuid -lcomdlg32 -ladvapi32 && cd ."
C:/Users/stark/Downloads/mingw64/mingw64/bin/../lib/gcc/x86_64-w64-mingw32/13.1.0/../../../../x86_64-w64-mingw32/bin/ld.exe: cannot find -lrt: No such file or directory
collect2.exe: error: ld returned 1 exit status
ninja: build stopped: subcommand failed.



Determining if the include file dlfcn.h exists failed with the following output:
Change Dir: D:/Kursach/DummyEngine/cmake-build-debug/CMakeFiles/CMakeScratch/TryCompile-0kla3x

Run Build Command(s):C:/Users/stark/AppData/Local/JetBrains/Toolbox/apps/CLion/ch-0/231.9011.31/bin/ninja/win/x64/ninja.exe cmTC_20de8 && [1/2] Building C object CMakeFiles/cmTC_20de8.dir/CheckIncludeFile.c.obj
[31mFAILED: [0mCMakeFiles/cmTC_20de8.dir/CheckIncludeFile.c.obj 
C:\Users\stark\Downloads\mingw64\mingw64\bin\gcc.exe    -o CMakeFiles/cmTC_20de8.dir/CheckIncludeFile.c.obj -c D:/Kursach/DummyEngine/cmake-build-debug/CMakeFiles/CMakeScratch/TryCompile-0kla3x/CheckIncludeFile.c
D:/Kursach/DummyEngine/cmake-build-debug/CMakeFiles/CMakeScratch/TryCompile-0kla3x/CheckIncludeFile.c:1:10: fatal error: dlfcn.h: No such file or directory
    1 | #include <dlfcn.h>
      |          ^~~~~~~~~
compilation terminated.
ninja: build stopped: subcommand failed.



Determining if the posix_memalign exist failed with the following output:
Change Dir: D:/Kursach/DummyEngine/cmake-build-debug/CMakeFiles/CMakeScratch/TryCompile-vy10yj

Run Build Command(s):C:/Users/stark/AppData/Local/JetBrains/Toolbox/apps/CLion/ch-0/231.9011.31/bin/ninja/win/x64/ninja.exe cmTC_31df7 && [1/2] Building C object CMakeFiles/cmTC_31df7.dir/CheckSymbolExists.c.obj
[31mFAILED: [0mCMakeFiles/cmTC_31df7.dir/CheckSymbolExists.c.obj 
C:\Users\stark\Downloads\mingw64\mingw64\bin\gcc.exe    -o CMakeFiles/cmTC_31df7.dir/CheckSymbolExists.c.obj -c D:/Kursach/DummyEngine/cmake-build-debug/CMakeFiles/CMakeScratch/TryCompile-vy10yj/CheckSymbolExists.c
D:/Kursach/DummyEngine/cmake-build-debug/CMakeFiles/CMakeScratch/TryCompile-vy10yj/CheckSymbolExists.c: In function 'main':
D:/Kursach/DummyEngine/cmake-build-debug/CMakeFiles/CMakeScratch/TryCompile-vy10yj/CheckSymbolExists.c:8:19: error: 'posix_memalign' undeclared (first use in this function)
    8 |   return ((int*)(&posix_memalign))[argc];
      |                   ^~~~~~~~~~~~~~
D:/Kursach/DummyEngine/cmake-build-debug/CMakeFiles/CMakeScratch/TryCompile-vy10yj/CheckSymbolExists.c:8:19: note: each undeclared identifier is reported only once for each function it appears in
ninja: build stopped: subcommand failed.


File CheckSymbolExists.c:
/* */
#include <stdlib.h>

int main(int argc, char** argv)
{
  (void)argv;
#ifndef posix_memalign
  return ((int*)(&posix_memalign))[argc];
#else
  (void)argc;
  return 0;
#endif
}

Determining if the proc_pidpath exist failed with the following output:
Change Dir: D:/Kursach/DummyEngine/cmake-build-debug/CMakeFiles/CMakeScratch/TryCompile-q8yti3

Run Build Command(s):C:/Users/stark/AppData/Local/JetBrains/Toolbox/apps/CLion/ch-0/231.9011.31/bin/ninja/win/x64/ninja.exe cmTC_77e99 && [1/2] Building C object CMakeFiles/cmTC_77e99.dir/CheckSymbolExists.c.obj
[31mFAILED: [0mCMakeFiles/cmTC_77e99.dir/CheckSymbolExists.c.obj 
C:\Users\stark\Downloads\mingw64\mingw64\bin\gcc.exe    -o CMakeFiles/cmTC_77e99.dir/CheckSymbolExists.c.obj -c D:/Kursach/DummyEngine/cmake-build-debug/CMakeFiles/CMakeScratch/TryCompile-q8yti3/CheckSymbolExists.c
D:/Kursach/DummyEngine/cmake-build-debug/CMakeFiles/CMakeScratch/TryCompile-q8yti3/CheckSymbolExists.c:2:10: fatal error: libproc.h: No such file or directory
    2 | #include <libproc.h>
      |          ^~~~~~~~~~~
compilation terminated.
ninja: build stopped: subcommand failed.


File CheckSymbolExists.c:
/* */
#include <libproc.h>

int main(int argc, char** argv)
{
  (void)argv;
#ifndef proc_pidpath
  return ((int*)(&proc_pidpath))[argc];
#else
  (void)argc;
  return 0;
#endif
}

