Performing C SOURCE FILE Test CMAKE_HAVE_LIBC_PTHREAD failed with the following output:
Change Dir: D:/Kursach/DummyEngine/cmake-build-release/CMakeFiles/CMakeScratch/TryCompile-ca68sx

Run Build Command(s):C:/Users/stark/AppData/Local/JetBrains/Toolbox/apps/CLion/ch-0/231.9011.31/bin/ninja/win/x64/ninja.exe cmTC_8dd22 && [1/2] Building C object CMakeFiles/cmTC_8dd22.dir/src.c.obj
[2/2] Linking C executable cmTC_8dd22.exe
FAILED: cmTC_8dd22.exe 
cmd.exe /C "cd . && C:\Users\stark\Downloads\mingw64\mingw64\bin\gcc.exe   CMakeFiles/cmTC_8dd22.dir/src.c.obj -o cmTC_8dd22.exe -Wl,--out-implib,libcmTC_8dd22.dll.a -Wl,--major-image-version,0,--minor-image-version,0  -lkernel32 -luser32 -lgdi32 -lwinspool -lshell32 -lole32 -loleaut32 -luuid -lcomdlg32 -ladvapi32 && cd ."
C:/Users/stark/Downloads/mingw64/mingw64/bin/../lib/gcc/x86_64-w64-mingw32/13.1.0/../../../../x86_64-w64-mingw32/bin/ld.exe: CMakeFiles/cmTC_8dd22.dir/src.c.obj:src.c:(.text+0x35): undefined reference to `pthread_create'
C:/Users/stark/Downloads/mingw64/mingw64/bin/../lib/gcc/x86_64-w64-mingw32/13.1.0/../../../../x86_64-w64-mingw32/bin/ld.exe: CMakeFiles/cmTC_8dd22.dir/src.c.obj:src.c:(.text+0x41): undefined reference to `pthread_detach'
C:/Users/stark/Downloads/mingw64/mingw64/bin/../lib/gcc/x86_64-w64-mingw32/13.1.0/../../../../x86_64-w64-mingw32/bin/ld.exe: CMakeFiles/cmTC_8dd22.dir/src.c.obj:src.c:(.text+0x4d): undefined reference to `pthread_cancel'
C:/Users/stark/Downloads/mingw64/mingw64/bin/../lib/gcc/x86_64-w64-mingw32/13.1.0/../../../../x86_64-w64-mingw32/bin/ld.exe: CMakeFiles/cmTC_8dd22.dir/src.c.obj:src.c:(.text+0x5e): undefined reference to `pthread_join'
C:/Users/stark/Downloads/mingw64/mingw64/bin/../lib/gcc/x86_64-w64-mingw32/13.1.0/../../../../x86_64-w64-mingw32/bin/ld.exe: CMakeFiles/cmTC_8dd22.dir/src.c.obj:src.c:(.text+0x68): undefined reference to `pthread_exit'
collect2.exe: error: ld returned 1 exit status
ninja: build stopped: subcommand failed.


Source file was:
#include <pthread.h>

static void* test_func(void* data)
{
  return data;
}

int main(void)
{
  pthread_t thread;
  pthread_create(&thread, NULL, test_func, NULL);
  pthread_detach(thread);
  pthread_cancel(thread);
  pthread_join(thread, NULL);
  pthread_atfork(NULL, NULL, NULL);
  pthread_exit(NULL);

  return 0;
}


Determining if the function pthread_create exists in the pthreads failed with the following output:
Change Dir: D:/Kursach/DummyEngine/cmake-build-release/CMakeFiles/CMakeScratch/TryCompile-y6inxs

Run Build Command(s):C:/Users/stark/AppData/Local/JetBrains/Toolbox/apps/CLion/ch-0/231.9011.31/bin/ninja/win/x64/ninja.exe cmTC_3c563 && [1/2] Building C object CMakeFiles/cmTC_3c563.dir/CheckFunctionExists.c.obj
[2/2] Linking C executable cmTC_3c563.exe
FAILED: cmTC_3c563.exe 
cmd.exe /C "cd . && C:\Users\stark\Downloads\mingw64\mingw64\bin\gcc.exe -DCHECK_FUNCTION_EXISTS=pthread_create  CMakeFiles/cmTC_3c563.dir/CheckFunctionExists.c.obj -o cmTC_3c563.exe -Wl,--out-implib,libcmTC_3c563.dll.a -Wl,--major-image-version,0,--minor-image-version,0  -lpthreads  -lkernel32 -luser32 -lgdi32 -lwinspool -lshell32 -lole32 -loleaut32 -luuid -lcomdlg32 -ladvapi32 && cd ."
C:/Users/stark/Downloads/mingw64/mingw64/bin/../lib/gcc/x86_64-w64-mingw32/13.1.0/../../../../x86_64-w64-mingw32/bin/ld.exe: cannot find -lpthreads: No such file or directory
collect2.exe: error: ld returned 1 exit status
ninja: build stopped: subcommand failed.



Determining if the include file arm_neon.h exists failed with the following output:
Change Dir: D:/Kursach/DummyEngine/cmake-build-release/CMakeFiles/CMakeScratch/TryCompile-u2aj4z

Run Build Command(s):C:/Users/stark/AppData/Local/JetBrains/Toolbox/apps/CLion/ch-0/231.9011.31/bin/ninja/win/x64/ninja.exe cmTC_b1553 && [1/2] Building C object CMakeFiles/cmTC_b1553.dir/CheckIncludeFile.c.obj
FAILED: CMakeFiles/cmTC_b1553.dir/CheckIncludeFile.c.obj 
C:\Users\stark\Downloads\mingw64\mingw64\bin\gcc.exe   -fdiagnostics-color=always -o CMakeFiles/cmTC_b1553.dir/CheckIncludeFile.c.obj -c D:/Kursach/DummyEngine/cmake-build-release/CMakeFiles/CMakeScratch/TryCompile-u2aj4z/CheckIncludeFile.c
D:/Kursach/DummyEngine/cmake-build-release/CMakeFiles/CMakeScratch/TryCompile-u2aj4z/CheckIncludeFile.c:1:10: fatal error: arm_neon.h: No such file or directory
    1 | #include <arm_neon.h>
      |          ^~~~~~~~~~~~
compilation terminated.
ninja: build stopped: subcommand failed.



Determining if the function clock_gettime exists in the rt failed with the following output:
Change Dir: D:/Kursach/DummyEngine/cmake-build-release/CMakeFiles/CMakeScratch/TryCompile-6w4982

Run Build Command(s):C:/Users/stark/AppData/Local/JetBrains/Toolbox/apps/CLion/ch-0/231.9011.31/bin/ninja/win/x64/ninja.exe cmTC_c6751 && [1/2] Building C object CMakeFiles/cmTC_c6751.dir/CheckFunctionExists.c.obj
[2/2] Linking C executable cmTC_c6751.exe
FAILED: cmTC_c6751.exe 
cmd.exe /C "cd . && C:\Users\stark\Downloads\mingw64\mingw64\bin\gcc.exe -DCHECK_FUNCTION_EXISTS=clock_gettime  CMakeFiles/cmTC_c6751.dir/CheckFunctionExists.c.obj -o cmTC_c6751.exe -Wl,--out-implib,libcmTC_c6751.dll.a -Wl,--major-image-version,0,--minor-image-version,0  -lrt  -latomic  -lm  -lkernel32 -luser32 -lgdi32 -lwinspool -lshell32 -lole32 -loleaut32 -luuid -lcomdlg32 -ladvapi32 && cd ."
C:/Users/stark/Downloads/mingw64/mingw64/bin/../lib/gcc/x86_64-w64-mingw32/13.1.0/../../../../x86_64-w64-mingw32/bin/ld.exe: cannot find -lrt: No such file or directory
collect2.exe: error: ld returned 1 exit status
ninja: build stopped: subcommand failed.



Determining if the include file dlfcn.h exists failed with the following output:
Change Dir: D:/Kursach/DummyEngine/cmake-build-release/CMakeFiles/CMakeScratch/TryCompile-m05whe

Run Build Command(s):C:/Users/stark/AppData/Local/JetBrains/Toolbox/apps/CLion/ch-0/231.9011.31/bin/ninja/win/x64/ninja.exe cmTC_0785a && [1/2] Building C object CMakeFiles/cmTC_0785a.dir/CheckIncludeFile.c.obj
FAILED: CMakeFiles/cmTC_0785a.dir/CheckIncludeFile.c.obj 
C:\Users\stark\Downloads\mingw64\mingw64\bin\gcc.exe   -fdiagnostics-color=always -o CMakeFiles/cmTC_0785a.dir/CheckIncludeFile.c.obj -c D:/Kursach/DummyEngine/cmake-build-release/CMakeFiles/CMakeScratch/TryCompile-m05whe/CheckIncludeFile.c
D:/Kursach/DummyEngine/cmake-build-release/CMakeFiles/CMakeScratch/TryCompile-m05whe/CheckIncludeFile.c:1:10: fatal error: dlfcn.h: No such file or directory
    1 | #include <dlfcn.h>
      |          ^~~~~~~~~
compilation terminated.
ninja: build stopped: subcommand failed.



Determining if the posix_memalign exist failed with the following output:
Change Dir: D:/Kursach/DummyEngine/cmake-build-release/CMakeFiles/CMakeScratch/TryCompile-imebln

Run Build Command(s):C:/Users/stark/AppData/Local/JetBrains/Toolbox/apps/CLion/ch-0/231.9011.31/bin/ninja/win/x64/ninja.exe cmTC_191dc && [1/2] Building C object CMakeFiles/cmTC_191dc.dir/CheckSymbolExists.c.obj
FAILED: CMakeFiles/cmTC_191dc.dir/CheckSymbolExists.c.obj 
C:\Users\stark\Downloads\mingw64\mingw64\bin\gcc.exe   -fdiagnostics-color=always -o CMakeFiles/cmTC_191dc.dir/CheckSymbolExists.c.obj -c D:/Kursach/DummyEngine/cmake-build-release/CMakeFiles/CMakeScratch/TryCompile-imebln/CheckSymbolExists.c
D:/Kursach/DummyEngine/cmake-build-release/CMakeFiles/CMakeScratch/TryCompile-imebln/CheckSymbolExists.c: In function 'main':
D:/Kursach/DummyEngine/cmake-build-release/CMakeFiles/CMakeScratch/TryCompile-imebln/CheckSymbolExists.c:8:19: error: 'posix_memalign' undeclared (first use in this function)
    8 |   return ((int*)(&posix_memalign))[argc];
      |                   ^~~~~~~~~~~~~~
D:/Kursach/DummyEngine/cmake-build-release/CMakeFiles/CMakeScratch/TryCompile-imebln/CheckSymbolExists.c:8:19: note: each undeclared identifier is reported only once for each function it appears in
ninja: build stopped: subcommand failed.


File CheckSymbolExists.c:
/* */
#include <stdlib.h>

int main(int argc, char** argv)
{
  (void)argv;
#ifndef posix_memalign
  return ((int*)(&posix_memalign))[argc];
#else
  (void)argc;
  return 0;
#endif
}

Determining if the proc_pidpath exist failed with the following output:
Change Dir: D:/Kursach/DummyEngine/cmake-build-release/CMakeFiles/CMakeScratch/TryCompile-dfbc71

Run Build Command(s):C:/Users/stark/AppData/Local/JetBrains/Toolbox/apps/CLion/ch-0/231.9011.31/bin/ninja/win/x64/ninja.exe cmTC_7d5f6 && [1/2] Building C object CMakeFiles/cmTC_7d5f6.dir/CheckSymbolExists.c.obj
FAILED: CMakeFiles/cmTC_7d5f6.dir/CheckSymbolExists.c.obj 
C:\Users\stark\Downloads\mingw64\mingw64\bin\gcc.exe   -fdiagnostics-color=always -o CMakeFiles/cmTC_7d5f6.dir/CheckSymbolExists.c.obj -c D:/Kursach/DummyEngine/cmake-build-release/CMakeFiles/CMakeScratch/TryCompile-dfbc71/CheckSymbolExists.c
D:/Kursach/DummyEngine/cmake-build-release/CMakeFiles/CMakeScratch/TryCompile-dfbc71/CheckSymbolExists.c:2:10: fatal error: libproc.h: No such file or directory
    2 | #include <libproc.h>
      |          ^~~~~~~~~~~
compilation terminated.
ninja: build stopped: subcommand failed.


File CheckSymbolExists.c:
/* */
#include <libproc.h>

int main(int argc, char** argv)
{
  (void)argv;
#ifndef proc_pidpath
  return ((int*)(&proc_pidpath))[argc];
#else
  (void)argc;
  return 0;
#endif
}

